<?xml version="1.0" encoding="UTF-8"?>
<testsuite xmlns:xsi="http://www.w3.org/2001/XMLSchema-instance" xsi:noNamespaceSchemaLocation="https://maven.apache.org/surefire/maven-surefire-plugin/xsd/surefire-test-report-3.0.xsd" version="3.0" name="TestSuite" time="314.396" tests="10" errors="0" skipped="0" failures="1">
  <properties>
    <property name="sun.desktop" value="windows"/>
    <property name="awt.toolkit" value="sun.awt.windows.WToolkit"/>
    <property name="java.specification.version" value="11"/>
    <property name="webdriver.chrome.driver" value="C:\Users\maddy\eclipse-maddyworkspace\BDD./driver/chromedriver.exe"/>
    <property name="sun.cpu.isalist" value="amd64"/>
    <property name="sun.jnu.encoding" value="Cp1252"/>
    <property name="java.class.path" value="C:\Users\maddy\eclipse-maddyworkspace\BDD\target\test-classes;C:\Users\maddy\eclipse-maddyworkspace\BDD\target\classes;C:\Users\maddy\.m2\repository\org\seleniumhq\selenium\selenium-java\3.141.59\selenium-java-3.141.59.jar;C:\Users\maddy\.m2\repository\org\seleniumhq\selenium\selenium-api\3.141.59\selenium-api-3.141.59.jar;C:\Users\maddy\.m2\repository\org\seleniumhq\selenium\selenium-chrome-driver\3.141.59\selenium-chrome-driver-3.141.59.jar;C:\Users\maddy\.m2\repository\org\seleniumhq\selenium\selenium-edge-driver\3.141.59\selenium-edge-driver-3.141.59.jar;C:\Users\maddy\.m2\repository\org\seleniumhq\selenium\selenium-firefox-driver\3.141.59\selenium-firefox-driver-3.141.59.jar;C:\Users\maddy\.m2\repository\org\seleniumhq\selenium\selenium-ie-driver\3.141.59\selenium-ie-driver-3.141.59.jar;C:\Users\maddy\.m2\repository\org\seleniumhq\selenium\selenium-opera-driver\3.141.59\selenium-opera-driver-3.141.59.jar;C:\Users\maddy\.m2\repository\org\seleniumhq\selenium\selenium-remote-driver\3.141.59\selenium-remote-driver-3.141.59.jar;C:\Users\maddy\.m2\repository\org\seleniumhq\selenium\selenium-safari-driver\3.141.59\selenium-safari-driver-3.141.59.jar;C:\Users\maddy\.m2\repository\org\seleniumhq\selenium\selenium-support\3.141.59\selenium-support-3.141.59.jar;C:\Users\maddy\.m2\repository\net\bytebuddy\byte-buddy\1.8.15\byte-buddy-1.8.15.jar;C:\Users\maddy\.m2\repository\org\apache\commons\commons-exec\1.3\commons-exec-1.3.jar;C:\Users\maddy\.m2\repository\com\google\guava\guava\25.0-jre\guava-25.0-jre.jar;C:\Users\maddy\.m2\repository\com\google\code\findbugs\jsr305\1.3.9\jsr305-1.3.9.jar;C:\Users\maddy\.m2\repository\org\checkerframework\checker-compat-qual\2.0.0\checker-compat-qual-2.0.0.jar;C:\Users\maddy\.m2\repository\com\google\errorprone\error_prone_annotations\2.1.3\error_prone_annotations-2.1.3.jar;C:\Users\maddy\.m2\repository\com\google\j2objc\j2objc-annotations\1.1\j2objc-annotations-1.1.jar;C:\Users\maddy\.m2\repository\org\codehaus\mojo\animal-sniffer-annotations\1.14\animal-sniffer-annotations-1.14.jar;C:\Users\maddy\.m2\repository\com\squareup\okhttp3\okhttp\3.11.0\okhttp-3.11.0.jar;C:\Users\maddy\.m2\repository\com\squareup\okio\okio\1.14.0\okio-1.14.0.jar;C:\Users\maddy\.m2\repository\org\testng\testng\7.0.0\testng-7.0.0.jar;C:\Users\maddy\.m2\repository\com\beust\jcommander\1.72\jcommander-1.72.jar;C:\Users\maddy\.m2\repository\junit\junit\4.11\junit-4.11.jar;C:\Users\maddy\.m2\repository\org\hamcrest\hamcrest-core\1.3\hamcrest-core-1.3.jar;C:\Users\maddy\.m2\repository\io\cucumber\cucumber-junit\7.0.0\cucumber-junit-7.0.0.jar;C:\Users\maddy\.m2\repository\org\apiguardian\apiguardian-api\1.1.2\apiguardian-api-1.1.2.jar;C:\Users\maddy\.m2\repository\io\cucumber\cucumber-core\7.0.0\cucumber-core-7.0.0.jar;C:\Users\maddy\.m2\repository\io\cucumber\cucumber-gherkin\7.0.0\cucumber-gherkin-7.0.0.jar;C:\Users\maddy\.m2\repository\io\cucumber\cucumber-gherkin-messages\7.0.0\cucumber-gherkin-messages-7.0.0.jar;C:\Users\maddy\.m2\repository\io\cucumber\messages\17.1.1\messages-17.1.1.jar;C:\Users\maddy\.m2\repository\io\cucumber\tag-expressions\4.0.2\tag-expressions-4.0.2.jar;C:\Users\maddy\.m2\repository\io\cucumber\cucumber-expressions\13.0.1\cucumber-expressions-13.0.1.jar;C:\Users\maddy\.m2\repository\io\cucumber\datatable\7.0.0\datatable-7.0.0.jar;C:\Users\maddy\.m2\repository\io\cucumber\cucumber-plugin\7.0.0\cucumber-plugin-7.0.0.jar;C:\Users\maddy\.m2\repository\io\cucumber\docstring\7.0.0\docstring-7.0.0.jar;C:\Users\maddy\.m2\repository\io\cucumber\html-formatter\17.0.0\html-formatter-17.0.0.jar;C:\Users\maddy\.m2\repository\io\cucumber\create-meta\6.0.1\create-meta-6.0.1.jar;C:\Users\maddy\.m2\repository\io\cucumber\cucumber-jvm-deps\1.0.6\cucumber-jvm-deps-1.0.6.jar;C:\Users\maddy\.m2\repository\io\cucumber\cucumber-testng\7.0.0\cucumber-testng-7.0.0.jar;C:\Users\maddy\.m2\repository\io\cucumber\cucumber-java\7.0.0\cucumber-java-7.0.0.jar;C:\Users\maddy\.m2\repository\commons-io\commons-io\2.11.0\commons-io-2.11.0.jar;C:\Users\maddy\.m2\repository\log4j\log4j\1.2.17\log4j-1.2.17.jar;C:\Users\maddy\.m2\repository\org\apache\poi\poi\4.1.0\poi-4.1.0.jar;C:\Users\maddy\.m2\repository\commons-codec\commons-codec\1.12\commons-codec-1.12.jar;C:\Users\maddy\.m2\repository\org\apache\commons\commons-collections4\4.3\commons-collections4-4.3.jar;C:\Users\maddy\.m2\repository\org\apache\commons\commons-math3\3.6.1\commons-math3-3.6.1.jar;C:\Users\maddy\.m2\repository\org\apache\poi\poi-ooxml\4.1.0\poi-ooxml-4.1.0.jar;C:\Users\maddy\.m2\repository\org\apache\poi\poi-ooxml-schemas\4.1.0\poi-ooxml-schemas-4.1.0.jar;C:\Users\maddy\.m2\repository\org\apache\xmlbeans\xmlbeans\3.1.0\xmlbeans-3.1.0.jar;C:\Users\maddy\.m2\repository\org\apache\commons\commons-compress\1.18\commons-compress-1.18.jar;C:\Users\maddy\.m2\repository\com\github\virtuald\curvesapi\1.06\curvesapi-1.06.jar;C:\Users\maddy\.m2\repository\com\relevantcodes\extentreports\2.41.2\extentreports-2.41.2.jar;C:\Users\maddy\.m2\repository\org\jsoup\jsoup\1.8.3\jsoup-1.8.3.jar;C:\Users\maddy\.m2\repository\org\xerial\sqlite-jdbc\3.8.11.1\sqlite-jdbc-3.8.11.1.jar;C:\Users\maddy\.m2\repository\org\freemarker\freemarker\2.3.23\freemarker-2.3.23.jar;C:\Users\maddy\.m2\repository\org\mongodb\mongodb-driver\3.0.4\mongodb-driver-3.0.4.jar;C:\Users\maddy\.m2\repository\org\mongodb\bson\3.0.4\bson-3.0.4.jar;C:\Users\maddy\.m2\repository\org\mongodb\mongodb-driver-core\3.0.4\mongodb-driver-core-3.0.4.jar;"/>
    <property name="java.vm.vendor" value="Oracle Corporation"/>
    <property name="sun.arch.data.model" value="64"/>
    <property name="user.variant" value=""/>
    <property name="java.vendor.url" value="https://openjdk.java.net/"/>
    <property name="user.timezone" value="Asia/Calcutta"/>
    <property name="java.vm.specification.version" value="11"/>
    <property name="os.name" value="Windows 10"/>
    <property name="sun.java.launcher" value="SUN_STANDARD"/>
    <property name="user.country" value="IN"/>
    <property name="sun.boot.library.path" value="C:\Program Files\Java\jdk-11.0.13\bin"/>
    <property name="sun.java.command" value="C:\Users\maddy\AppData\Local\Temp\surefire4971488953668159658\surefirebooter8317413771560011623.jar C:\Users\maddy\AppData\Local\Temp\surefire4971488953668159658 2022-01-17T11-11-37_540-jvmRun1 surefire784777327640453547tmp surefire_09132965148514930785tmp"/>
    <property name="jdk.debug" value="release"/>
    <property name="surefire.test.class.path" value="C:\Users\maddy\eclipse-maddyworkspace\BDD\target\test-classes;C:\Users\maddy\eclipse-maddyworkspace\BDD\target\classes;C:\Users\maddy\.m2\repository\org\seleniumhq\selenium\selenium-java\3.141.59\selenium-java-3.141.59.jar;C:\Users\maddy\.m2\repository\org\seleniumhq\selenium\selenium-api\3.141.59\selenium-api-3.141.59.jar;C:\Users\maddy\.m2\repository\org\seleniumhq\selenium\selenium-chrome-driver\3.141.59\selenium-chrome-driver-3.141.59.jar;C:\Users\maddy\.m2\repository\org\seleniumhq\selenium\selenium-edge-driver\3.141.59\selenium-edge-driver-3.141.59.jar;C:\Users\maddy\.m2\repository\org\seleniumhq\selenium\selenium-firefox-driver\3.141.59\selenium-firefox-driver-3.141.59.jar;C:\Users\maddy\.m2\repository\org\seleniumhq\selenium\selenium-ie-driver\3.141.59\selenium-ie-driver-3.141.59.jar;C:\Users\maddy\.m2\repository\org\seleniumhq\selenium\selenium-opera-driver\3.141.59\selenium-opera-driver-3.141.59.jar;C:\Users\maddy\.m2\repository\org\seleniumhq\selenium\selenium-remote-driver\3.141.59\selenium-remote-driver-3.141.59.jar;C:\Users\maddy\.m2\repository\org\seleniumhq\selenium\selenium-safari-driver\3.141.59\selenium-safari-driver-3.141.59.jar;C:\Users\maddy\.m2\repository\org\seleniumhq\selenium\selenium-support\3.141.59\selenium-support-3.141.59.jar;C:\Users\maddy\.m2\repository\net\bytebuddy\byte-buddy\1.8.15\byte-buddy-1.8.15.jar;C:\Users\maddy\.m2\repository\org\apache\commons\commons-exec\1.3\commons-exec-1.3.jar;C:\Users\maddy\.m2\repository\com\google\guava\guava\25.0-jre\guava-25.0-jre.jar;C:\Users\maddy\.m2\repository\com\google\code\findbugs\jsr305\1.3.9\jsr305-1.3.9.jar;C:\Users\maddy\.m2\repository\org\checkerframework\checker-compat-qual\2.0.0\checker-compat-qual-2.0.0.jar;C:\Users\maddy\.m2\repository\com\google\errorprone\error_prone_annotations\2.1.3\error_prone_annotations-2.1.3.jar;C:\Users\maddy\.m2\repository\com\google\j2objc\j2objc-annotations\1.1\j2objc-annotations-1.1.jar;C:\Users\maddy\.m2\repository\org\codehaus\mojo\animal-sniffer-annotations\1.14\animal-sniffer-annotations-1.14.jar;C:\Users\maddy\.m2\repository\com\squareup\okhttp3\okhttp\3.11.0\okhttp-3.11.0.jar;C:\Users\maddy\.m2\repository\com\squareup\okio\okio\1.14.0\okio-1.14.0.jar;C:\Users\maddy\.m2\repository\org\testng\testng\7.0.0\testng-7.0.0.jar;C:\Users\maddy\.m2\repository\com\beust\jcommander\1.72\jcommander-1.72.jar;C:\Users\maddy\.m2\repository\junit\junit\4.11\junit-4.11.jar;C:\Users\maddy\.m2\repository\org\hamcrest\hamcrest-core\1.3\hamcrest-core-1.3.jar;C:\Users\maddy\.m2\repository\io\cucumber\cucumber-junit\7.0.0\cucumber-junit-7.0.0.jar;C:\Users\maddy\.m2\repository\org\apiguardian\apiguardian-api\1.1.2\apiguardian-api-1.1.2.jar;C:\Users\maddy\.m2\repository\io\cucumber\cucumber-core\7.0.0\cucumber-core-7.0.0.jar;C:\Users\maddy\.m2\repository\io\cucumber\cucumber-gherkin\7.0.0\cucumber-gherkin-7.0.0.jar;C:\Users\maddy\.m2\repository\io\cucumber\cucumber-gherkin-messages\7.0.0\cucumber-gherkin-messages-7.0.0.jar;C:\Users\maddy\.m2\repository\io\cucumber\messages\17.1.1\messages-17.1.1.jar;C:\Users\maddy\.m2\repository\io\cucumber\tag-expressions\4.0.2\tag-expressions-4.0.2.jar;C:\Users\maddy\.m2\repository\io\cucumber\cucumber-expressions\13.0.1\cucumber-expressions-13.0.1.jar;C:\Users\maddy\.m2\repository\io\cucumber\datatable\7.0.0\datatable-7.0.0.jar;C:\Users\maddy\.m2\repository\io\cucumber\cucumber-plugin\7.0.0\cucumber-plugin-7.0.0.jar;C:\Users\maddy\.m2\repository\io\cucumber\docstring\7.0.0\docstring-7.0.0.jar;C:\Users\maddy\.m2\repository\io\cucumber\html-formatter\17.0.0\html-formatter-17.0.0.jar;C:\Users\maddy\.m2\repository\io\cucumber\create-meta\6.0.1\create-meta-6.0.1.jar;C:\Users\maddy\.m2\repository\io\cucumber\cucumber-jvm-deps\1.0.6\cucumber-jvm-deps-1.0.6.jar;C:\Users\maddy\.m2\repository\io\cucumber\cucumber-testng\7.0.0\cucumber-testng-7.0.0.jar;C:\Users\maddy\.m2\repository\io\cucumber\cucumber-java\7.0.0\cucumber-java-7.0.0.jar;C:\Users\maddy\.m2\repository\commons-io\commons-io\2.11.0\commons-io-2.11.0.jar;C:\Users\maddy\.m2\repository\log4j\log4j\1.2.17\log4j-1.2.17.jar;C:\Users\maddy\.m2\repository\org\apache\poi\poi\4.1.0\poi-4.1.0.jar;C:\Users\maddy\.m2\repository\commons-codec\commons-codec\1.12\commons-codec-1.12.jar;C:\Users\maddy\.m2\repository\org\apache\commons\commons-collections4\4.3\commons-collections4-4.3.jar;C:\Users\maddy\.m2\repository\org\apache\commons\commons-math3\3.6.1\commons-math3-3.6.1.jar;C:\Users\maddy\.m2\repository\org\apache\poi\poi-ooxml\4.1.0\poi-ooxml-4.1.0.jar;C:\Users\maddy\.m2\repository\org\apache\poi\poi-ooxml-schemas\4.1.0\poi-ooxml-schemas-4.1.0.jar;C:\Users\maddy\.m2\repository\org\apache\xmlbeans\xmlbeans\3.1.0\xmlbeans-3.1.0.jar;C:\Users\maddy\.m2\repository\org\apache\commons\commons-compress\1.18\commons-compress-1.18.jar;C:\Users\maddy\.m2\repository\com\github\virtuald\curvesapi\1.06\curvesapi-1.06.jar;C:\Users\maddy\.m2\repository\com\relevantcodes\extentreports\2.41.2\extentreports-2.41.2.jar;C:\Users\maddy\.m2\repository\org\jsoup\jsoup\1.8.3\jsoup-1.8.3.jar;C:\Users\maddy\.m2\repository\org\xerial\sqlite-jdbc\3.8.11.1\sqlite-jdbc-3.8.11.1.jar;C:\Users\maddy\.m2\repository\org\freemarker\freemarker\2.3.23\freemarker-2.3.23.jar;C:\Users\maddy\.m2\repository\org\mongodb\mongodb-driver\3.0.4\mongodb-driver-3.0.4.jar;C:\Users\maddy\.m2\repository\org\mongodb\bson\3.0.4\bson-3.0.4.jar;C:\Users\maddy\.m2\repository\org\mongodb\mongodb-driver-core\3.0.4\mongodb-driver-core-3.0.4.jar;"/>
    <property name="sun.cpu.endian" value="little"/>
    <property name="user.home" value="C:\Users\maddy"/>
    <property name="user.language" value="en"/>
    <property name="java.specification.vendor" value="Oracle Corporation"/>
    <property name="java.version.date" value="2021-10-19"/>
    <property name="java.home" value="C:\Program Files\Java\jdk-11.0.13"/>
    <property name="file.separator" value="\"/>
    <property name="basedir" value="C:\Users\maddy\eclipse-maddyworkspace\BDD"/>
    <property name="java.vm.compressedOopsMode" value="32-bit"/>
    <property name="line.separator" value="&#10;"/>
    <property name="java.specification.name" value="Java Platform API Specification"/>
    <property name="java.vm.specification.vendor" value="Oracle Corporation"/>
    <property name="java.awt.graphicsenv" value="sun.awt.Win32GraphicsEnvironment"/>
    <property name="surefire.real.class.path" value="C:\Users\maddy\AppData\Local\Temp\surefire4971488953668159658\surefirebooter8317413771560011623.jar"/>
    <property name="user.script" value=""/>
    <property name="sun.management.compiler" value="HotSpot 64-Bit Tiered Compilers"/>
    <property name="java.runtime.version" value="11.0.13+10-LTS-370"/>
    <property name="user.name" value="maddy"/>
    <property name="path.separator" value=";"/>
    <property name="os.version" value="10.0"/>
    <property name="java.runtime.name" value="Java(TM) SE Runtime Environment"/>
    <property name="file.encoding" value="Cp1252"/>
    <property name="java.vm.name" value="Java HotSpot(TM) 64-Bit Server VM"/>
    <property name="java.vendor.version" value="18.9"/>
    <property name="localRepository" value="C:\Users\maddy\.m2\repository"/>
    <property name="java.vendor.url.bug" value="https://bugreport.java.com/bugreport/"/>
    <property name="java.io.tmpdir" value="C:\Users\maddy\AppData\Local\Temp\"/>
    <property name="java.version" value="11.0.13"/>
    <property name="user.dir" value="C:\Users\maddy\eclipse-maddyworkspace\BDD"/>
    <property name="os.arch" value="amd64"/>
    <property name="java.vm.specification.name" value="Java Virtual Machine Specification"/>
    <property name="java.awt.printerjob" value="sun.awt.windows.WPrinterJob"/>
    <property name="sun.os.patch.level" value=""/>
    <property name="java.library.path" value="C:\Program Files\Java\jdk-11.0.13\bin;C:\WINDOWS\Sun\Java\bin;C:\WINDOWS\system32;C:\WINDOWS;C:\Program Files\Common Files\Oracle\Java\javapath;C:\WINDOWS\system32;C:\WINDOWS;C:\WINDOWS\System32\Wbem;C:\WINDOWS\System32\WindowsPowerShell\v1.0\;C:\WINDOWS\System32\OpenSSH\;C:\Program Files\Java\jdk-11.0.13;C:\Program Files\Git\cmd;C:\Program Files\Java\jdk-11.0.13\bin;C:\Users\maddy\AppData\Local\Android\Sdk\tools\bin;C:\Users\maddy\AppData\Local\Android\Sdk\tools;C:\Users\maddy\AppData\Local\Android\Sdk\platform-tools;C:\Users\maddy\axis2-1.6.2\bin;C:\Program Files\MySQL\MySQL Shell 8.0\bin\;C:\Users\maddy\AppData\Local\Microsoft\WindowsApps;C:\apache-maven\src\bin\bin;C:\Program Files\Java\jdk-11.0.13\bin;;."/>
    <property name="java.vendor" value="Oracle Corporation"/>
    <property name="java.vm.info" value="mixed mode"/>
    <property name="java.vm.version" value="11.0.13+10-LTS-370"/>
    <property name="sun.io.unicode.encoding" value="UnicodeLittle"/>
    <property name="java.class.version" value="55.0"/>
  </properties>
  <testcase name="runScenario[&quot;corporate car rental page&quot;, &quot;Optional[Corporate car rental]&quot;](1)" classname="com.mindtree.runner.BDDTestRunner" time="50.783">
    <system-out><![CDATA[CorporateCarRental
01-17-2022 11:11:52 ExtentLogUtilities.java INFO  [main] stepDefinitions.OutstationStepDef 14 - URL Opened
01-17-2022 11:11:53 ExtentLogUtilities.java INFO  [main] stepDefinitions.OutstationStepDef 14 - car rental is clicked in page home page
01-17-2022 11:12:00 ExtentLogUtilities.java INFO  [main] stepDefinitions.OutstationStepDef 14 - name is clicked in page namebox
01-17-2022 11:12:01 ExtentLogUtilities.java INFO  [main] stepDefinitions.OutstationStepDef 14 - name is send in page namebox
01-17-2022 11:12:02 ExtentLogUtilities.java INFO  [main] stepDefinitions.OutstationStepDef 14 - company name is clicked in page compnamebox
01-17-2022 11:12:03 ExtentLogUtilities.java INFO  [main] stepDefinitions.OutstationStepDef 14 - company name is send in page compnamebox
01-17-2022 11:12:03 ExtentLogUtilities.java INFO  [main] stepDefinitions.OutstationStepDef 14 - email is clicked in page emailbox
01-17-2022 11:12:04 ExtentLogUtilities.java INFO  [main] stepDefinitions.OutstationStepDef 14 - email is send in page emailbox
01-17-2022 11:12:05 ExtentLogUtilities.java INFO  [main] stepDefinitions.OutstationStepDef 14 - phone no is clicked in page phonenobox
01-17-2022 11:12:06 ExtentLogUtilities.java INFO  [main] stepDefinitions.OutstationStepDef 14 - phone no is send in page phonenobox
01-17-2022 11:12:07 ExtentLogUtilities.java INFO  [main] stepDefinitions.OutstationStepDef 14 - submit is clicked in page carrental
01-17-2022 11:12:28 ExtentLogUtilities.java INFO  [main] stepDefinitions.OutstationStepDef 14 - result detail shown 
01-17-2022 11:12:29 ExtentLogUtilities.java INFO  [main] stepDefinitions.OutstationStepDef 14 - home button is clicked in page home page
]]></system-out>
    <system-err><![CDATA[Starting ChromeDriver 96.0.4664.45 (76e4c1bb2ab4671b8beba3444e61c0f17584b2fc-refs/branch-heads/4664@{#947}) on port 37311
Only local connections are allowed.
Please see https://chromedriver.chromium.org/security-considerations for suggestions on keeping ChromeDriver safe.
ChromeDriver was started successfully.
[1642398104.972][WARNING]: This version of ChromeDriver has not been tested with Chrome version 97.
Jan 17, 2022 11:11:45 AM org.openqa.selenium.remote.ProtocolHandshake createSession
INFO: Detected dialect: W3C
]]></system-err>
  </testcase>
  <testcase name="runScenario[&quot;selecting chen-trl in in onewaycab&quot;, &quot;Optional[Oneway cab page]&quot;](2)" classname="com.mindtree.runner.BDDTestRunner" time="47.841">
    <system-out><![CDATA[OneWayCabs
01-17-2022 11:12:50 ExtentLogUtilities.java INFO  [main] stepDefinitions.ValidpageStepDef 14 - URL Opened
01-17-2022 11:12:51 ExtentLogUtilities.java INFO  [main] stepDefinitions.ValidpageStepDef 14 - One way cab is clicked in page home page
01-17-2022 11:13:04 ExtentLogUtilities.java INFO  [main] stepDefinitions.ValidpageStepDef 14 - chennaitab is clicked in page onewaycab
01-17-2022 11:13:06 ExtentLogUtilities.java INFO  [main] stepDefinitions.ValidpageStepDef 14 - trl is clicked in page chntab
Book Outstation Cabs, Local & Airport Taxi Service - India's Leading Car Rentals
01-17-2022 11:13:17 ExtentLogUtilities.java INFO  [main] stepDefinitions.ValidpageStepDef 14 - home button is clicked in page home page
]]></system-out>
    <system-err><![CDATA[Starting ChromeDriver 96.0.4664.45 (76e4c1bb2ab4671b8beba3444e61c0f17584b2fc-refs/branch-heads/4664@{#947}) on port 24900
Only local connections are allowed.
Please see https://chromedriver.chromium.org/security-considerations for suggestions on keeping ChromeDriver safe.
ChromeDriver was started successfully.
[1642398162.726][WARNING]: This version of ChromeDriver has not been tested with Chrome version 97.
Jan 17, 2022 11:12:42 AM org.openqa.selenium.remote.ProtocolHandshake createSession
INFO: Detected dialect: W3C
]]></system-err>
  </testcase>
  <testcase name="runScenario[&quot;Validating With valid Email And Password&quot;, &quot;Optional[Log in Validation]&quot;](3)" classname="com.mindtree.runner.BDDTestRunner" time="28.658">
    <system-out><![CDATA[Valid page
01-17-2022 11:13:37 ExtentLogUtilities.java INFO  [main] stepDefinitions.ValidpageStepDef 14 - URL Opened
01-17-2022 11:13:38 ExtentLogUtilities.java INFO  [main] stepDefinitions.ValidpageStepDef 14 - signin is clicked in page home page
01-17-2022 11:13:44 ExtentLogUtilities.java INFO  [main] stepDefinitions.ValidpageStepDef 14 - Email field is send in page Account Log in
01-17-2022 11:13:44 ExtentLogUtilities.java INFO  [main] stepDefinitions.ValidpageStepDef 14 - password field is send in page Account Log in
01-17-2022 11:13:45 ExtentLogUtilities.java INFO  [main] stepDefinitions.ValidpageStepDef 14 - sign in button is clicked in page Account Log in
01-17-2022 11:13:47 ExtentLogUtilities.java INFO  [main] stepDefinitions.ValidpageStepDef 14 - Successfully logged in
]]></system-out>
    <system-err><![CDATA[Starting ChromeDriver 96.0.4664.45 (76e4c1bb2ab4671b8beba3444e61c0f17584b2fc-refs/branch-heads/4664@{#947}) on port 38532
Only local connections are allowed.
Please see https://chromedriver.chromium.org/security-considerations for suggestions on keeping ChromeDriver safe.
ChromeDriver was started successfully.
[1642398204.426][WARNING]: This version of ChromeDriver has not been tested with Chrome version 97.
Jan 17, 2022 11:13:24 AM org.openqa.selenium.remote.ProtocolHandshake createSession
INFO: Detected dialect: W3C
]]></system-err>
  </testcase>
  <testcase name="runScenario[&quot;signout application&quot;, &quot;Optional[signout app]&quot;](4)" classname="com.mindtree.runner.BDDTestRunner" time="24.26">
    <failure message="signout is not able clicked in page home page" type="com.mindtree.exceptions.ReusableComponentException"><![CDATA[com.mindtree.exceptions.ReusableComponentException: signout is not able clicked in page home page
]]></failure>
    <system-out><![CDATA[Signout
01-17-2022 11:14:03 ExtentLogUtilities.java INFO  [main] stepDefinitions.OutstationStepDef 14 - URL Opened
01-17-2022 11:14:04 ExtentLogUtilities.java INFO  [main] stepDefinitions.OutstationStepDef 14 - signin is clicked in page home page
01-17-2022 11:14:09 ExtentLogUtilities.java INFO  [main] stepDefinitions.OutstationStepDef 14 - Email field is send in page Account Log in
01-17-2022 11:14:10 ExtentLogUtilities.java INFO  [main] stepDefinitions.OutstationStepDef 14 - password field is send in page Account Log in
01-17-2022 11:14:10 ExtentLogUtilities.java INFO  [main] stepDefinitions.OutstationStepDef 14 - sign in button is clicked in page Account Log in
01-17-2022 11:14:11 ExtentLogUtilities.java ERROR [main] stepDefinitions.OutstationStepDef 21 - signout is not able clicked in page home page
]]></system-out>
    <system-err><![CDATA[Starting ChromeDriver 96.0.4664.45 (76e4c1bb2ab4671b8beba3444e61c0f17584b2fc-refs/branch-heads/4664@{#947}) on port 27498
Only local connections are allowed.
Please see https://chromedriver.chromium.org/security-considerations for suggestions on keeping ChromeDriver safe.
ChromeDriver was started successfully.
[1642398234.308][WARNING]: This version of ChromeDriver has not been tested with Chrome version 97.
Jan 17, 2022 11:13:54 AM org.openqa.selenium.remote.ProtocolHandshake createSession
INFO: Detected dialect: W3C
]]></system-err>
  </testcase>
  <testcase name="runScenario[&quot;selecting car in airport&quot;, &quot;Optional[airport book]&quot;](5)" classname="com.mindtree.runner.BDDTestRunner" time="29.439">
    <system-out><![CDATA[airport page
01-17-2022 11:14:23 ExtentLogUtilities.java INFO  [main] stepDefinitions.ValidpageStepDef 14 - URL Opened
01-17-2022 11:14:24 ExtentLogUtilities.java INFO  [main] stepDefinitions.ValidpageStepDef 14 - airport is clicked in page home page
01-17-2022 11:14:25 ExtentLogUtilities.java INFO  [main] stepDefinitions.ValidpageStepDef 14 - from place is clicked in page Airport
01-17-2022 11:14:26 ExtentLogUtilities.java INFO  [main] stepDefinitions.ValidpageStepDef 14 - from place is send in page Airport
01-17-2022 11:14:27 ExtentLogUtilities.java INFO  [main] stepDefinitions.ValidpageStepDef 14 - from place is clicked in page Airport
01-17-2022 11:14:28 ExtentLogUtilities.java INFO  [main] stepDefinitions.ValidpageStepDef 14 - pickupaddress is clicked in page airport
01-17-2022 11:14:28 ExtentLogUtilities.java INFO  [main] stepDefinitions.ValidpageStepDef 14 - pickupaddress is send in page airport
01-17-2022 11:14:31 ExtentLogUtilities.java INFO  [main] stepDefinitions.ValidpageStepDef 14 - pickupaddress is clicked in page airport
01-17-2022 11:14:35 ExtentLogUtilities.java INFO  [main] stepDefinitions.ValidpageStepDef 14 - select car is clicked in page airport
01-17-2022 11:14:38 ExtentLogUtilities.java INFO  [main] stepDefinitions.ValidpageStepDef 14 - select car is clicked in page carpage
01-17-2022 11:14:40 ExtentLogUtilities.java INFO  [main] stepDefinitions.ValidpageStepDef 14 - booking detail shown 
01-17-2022 11:14:41 ExtentLogUtilities.java INFO  [main] stepDefinitions.ValidpageStepDef 14 - home button is clicked in page home page
]]></system-out>
    <system-err><![CDATA[Starting ChromeDriver 96.0.4664.45 (76e4c1bb2ab4671b8beba3444e61c0f17584b2fc-refs/branch-heads/4664@{#947}) on port 30895
Only local connections are allowed.
Please see https://chromedriver.chromium.org/security-considerations for suggestions on keeping ChromeDriver safe.
ChromeDriver was started successfully.
[1642398256.387][WARNING]: This version of ChromeDriver has not been tested with Chrome version 97.
Jan 17, 2022 11:14:16 AM org.openqa.selenium.remote.ProtocolHandshake createSession
INFO: Detected dialect: W3C
]]></system-err>
  </testcase>
  <testcase name="runScenario[&quot;verify download app&quot;, &quot;Optional[download app]&quot;](6)" classname="com.mindtree.runner.BDDTestRunner" time="23.188">
    <system-out><![CDATA[downloadapp page
01-17-2022 11:14:56 ExtentLogUtilities.java INFO  [main] stepDefinitions.DownloadappStepDef 14 - URL Opened
01-17-2022 11:14:58 ExtentLogUtilities.java INFO  [main] stepDefinitions.DownloadappStepDef 14 - playstore is clicked in page home page
01-17-2022 11:15:03 ExtentLogUtilities.java INFO  [main] stepDefinitions.DownloadappStepDef 14 - playsrore detail shown 
01-17-2022 11:15:04 ExtentLogUtilities.java INFO  [main] stepDefinitions.DownloadappStepDef 14 - home button is clicked in page home page
]]></system-out>
    <system-err><![CDATA[Starting ChromeDriver 96.0.4664.45 (76e4c1bb2ab4671b8beba3444e61c0f17584b2fc-refs/branch-heads/4664@{#947}) on port 12629
Only local connections are allowed.
Please see https://chromedriver.chromium.org/security-considerations for suggestions on keeping ChromeDriver safe.
ChromeDriver was started successfully.
[1642398286.855][WARNING]: This version of ChromeDriver has not been tested with Chrome version 97.
Jan 17, 2022 11:14:47 AM org.openqa.selenium.remote.ProtocolHandshake createSession
INFO: Detected dialect: W3C
]]></system-err>
  </testcase>
  <testcase name="runScenario[&quot;selecting car in local&quot;, &quot;Optional[local book]&quot;](7)" classname="com.mindtree.runner.BDDTestRunner" time="23.747">
    <system-out><![CDATA[Valid page
01-17-2022 11:15:16 ExtentLogUtilities.java INFO  [main] stepDefinitions.ValidpageStepDef 14 - URL Opened
01-17-2022 11:15:17 ExtentLogUtilities.java INFO  [main] stepDefinitions.ValidpageStepDef 14 - local is clicked in page home page
01-17-2022 11:15:18 ExtentLogUtilities.java INFO  [main] stepDefinitions.ValidpageStepDef 14 - from place is clicked in page local
01-17-2022 11:15:19 ExtentLogUtilities.java INFO  [main] stepDefinitions.ValidpageStepDef 14 - from place is send in page frombox
01-17-2022 11:15:23 ExtentLogUtilities.java INFO  [main] stepDefinitions.ValidpageStepDef 14 - select car is clicked in page local
01-17-2022 11:15:26 ExtentLogUtilities.java INFO  [main] stepDefinitions.ValidpageStepDef 14 - time is clicked in page car page
01-17-2022 11:15:26 ExtentLogUtilities.java INFO  [main] stepDefinitions.ValidpageStepDef 14 - select car is clicked in page car page
01-17-2022 11:15:27 ExtentLogUtilities.java INFO  [main] stepDefinitions.ValidpageStepDef 14 - booking detail shown 
01-17-2022 11:15:28 ExtentLogUtilities.java INFO  [main] stepDefinitions.ValidpageStepDef 14 - home button is clicked in page home page
]]></system-out>
    <system-err><![CDATA[Starting ChromeDriver 96.0.4664.45 (76e4c1bb2ab4671b8beba3444e61c0f17584b2fc-refs/branch-heads/4664@{#947}) on port 21208
Only local connections are allowed.
Please see https://chromedriver.chromium.org/security-considerations for suggestions on keeping ChromeDriver safe.
ChromeDriver was started successfully.
[1642398309.921][WARNING]: This version of ChromeDriver has not been tested with Chrome version 97.
Jan 17, 2022 11:15:09 AM org.openqa.selenium.remote.ProtocolHandshake createSession
INFO: Detected dialect: W3C
]]></system-err>
  </testcase>
  <testcase name="runScenario[&quot;selecting car in outstation&quot;, &quot;Optional[Outstation book]&quot;](8)" classname="com.mindtree.runner.BDDTestRunner" time="28.119">
    <system-out><![CDATA[out station
01-17-2022 11:15:40 ExtentLogUtilities.java INFO  [main] stepDefinitions.OutstationStepDef 14 - URL Opened
01-17-2022 11:15:41 ExtentLogUtilities.java INFO  [main] stepDefinitions.OutstationStepDef 14 - from place is clicked in page outstation
01-17-2022 11:15:42 ExtentLogUtilities.java INFO  [main] stepDefinitions.OutstationStepDef 14 - from place is send in page frombox
01-17-2022 11:15:43 ExtentLogUtilities.java INFO  [main] stepDefinitions.OutstationStepDef 14 - to place is clicked in page outstation
01-17-2022 11:15:43 ExtentLogUtilities.java INFO  [main] stepDefinitions.OutstationStepDef 14 - to place is send in page to box
01-17-2022 11:15:44 ExtentLogUtilities.java INFO  [main] stepDefinitions.OutstationStepDef 14 - to place is clicked in page outstation
01-17-2022 11:15:49 ExtentLogUtilities.java INFO  [main] stepDefinitions.OutstationStepDef 14 - select car is clicked in page outstation
01-17-2022 11:15:51 ExtentLogUtilities.java INFO  [main] stepDefinitions.OutstationStepDef 14 - Successfully verified
01-17-2022 11:15:54 ExtentLogUtilities.java INFO  [main] stepDefinitions.OutstationStepDef 14 - home button is clicked in page home page
]]></system-out>
    <system-err><![CDATA[Starting ChromeDriver 96.0.4664.45 (76e4c1bb2ab4671b8beba3444e61c0f17584b2fc-refs/branch-heads/4664@{#947}) on port 22860
Only local connections are allowed.
Please see https://chromedriver.chromium.org/security-considerations for suggestions on keeping ChromeDriver safe.
ChromeDriver was started successfully.
[1642398332.836][WARNING]: This version of ChromeDriver has not been tested with Chrome version 97.
Jan 17, 2022 11:15:33 AM org.openqa.selenium.remote.ProtocolHandshake createSession
INFO: Detected dialect: W3C
]]></system-err>
  </testcase>
  <testcase name="runScenario[&quot;selecting car in roundtrip&quot;, &quot;Optional[roundtrip book]&quot;](9)" classname="com.mindtree.runner.BDDTestRunner" time="34.278">
    <system-out><![CDATA[Valid page
01-17-2022 11:16:13 ExtentLogUtilities.java INFO  [main] stepDefinitions.ValidpageStepDef 14 - URL Opened
01-17-2022 11:16:16 ExtentLogUtilities.java INFO  [main] stepDefinitions.ValidpageStepDef 14 - round is clicked in page homepage
01-17-2022 11:16:16 ExtentLogUtilities.java INFO  [main] stepDefinitions.ValidpageStepDef 14 - from place is clicked in page homepage
01-17-2022 11:16:17 ExtentLogUtilities.java INFO  [main] stepDefinitions.ValidpageStepDef 14 - from place is send in page frombox
01-17-2022 11:16:18 ExtentLogUtilities.java INFO  [main] stepDefinitions.ValidpageStepDef 14 - to place is clicked in page roundtrip
01-17-2022 11:16:19 ExtentLogUtilities.java INFO  [main] stepDefinitions.ValidpageStepDef 14 - to place is send in page to box
01-17-2022 11:16:19 ExtentLogUtilities.java INFO  [main] stepDefinitions.ValidpageStepDef 14 - to place is clicked in page roundtrip
01-17-2022 11:16:25 ExtentLogUtilities.java INFO  [main] stepDefinitions.ValidpageStepDef 14 - select car is clicked in page roundtrip
01-17-2022 11:16:28 ExtentLogUtilities.java INFO  [main] stepDefinitions.ValidpageStepDef 14 - select car is clicked in page car page
01-17-2022 11:16:29 ExtentLogUtilities.java INFO  [main] stepDefinitions.ValidpageStepDef 14 - booking detail shown 
01-17-2022 11:16:30 ExtentLogUtilities.java INFO  [main] stepDefinitions.ValidpageStepDef 14 - home button is clicked in page home page
]]></system-out>
    <system-err><![CDATA[Starting ChromeDriver 96.0.4664.45 (76e4c1bb2ab4671b8beba3444e61c0f17584b2fc-refs/branch-heads/4664@{#947}) on port 47897
Only local connections are allowed.
Please see https://chromedriver.chromium.org/security-considerations for suggestions on keeping ChromeDriver safe.
ChromeDriver was started successfully.
[1642398362.996][WARNING]: This version of ChromeDriver has not been tested with Chrome version 97.
Jan 17, 2022 11:16:03 AM org.openqa.selenium.remote.ProtocolHandshake createSession
INFO: Detected dialect: W3C
]]></system-err>
  </testcase>
  <testcase name="runScenario[&quot;validate the page title&quot;, &quot;Optional[Validate Page]&quot;](10)" classname="com.mindtree.runner.BDDTestRunner" time="21.045">
    <system-out><![CDATA[Valid page
01-17-2022 11:16:51 ExtentLogUtilities.java INFO  [main] stepDefinitions.ValidpageStepDef 14 - URL Opened
01-17-2022 11:16:51 ExtentLogUtilities.java INFO  [main] stepDefinitions.ValidpageStepDef 14 - Page opend with title Book Outstation Cabs, Local & Airport Taxi Service - India's Leading Car Rentals
]]></system-out>
    <system-err><![CDATA[Starting ChromeDriver 96.0.4664.45 (76e4c1bb2ab4671b8beba3444e61c0f17584b2fc-refs/branch-heads/4664@{#947}) on port 31171
Only local connections are allowed.
Please see https://chromedriver.chromium.org/security-considerations for suggestions on keeping ChromeDriver safe.
ChromeDriver was started successfully.
[1642398401.879][WARNING]: This version of ChromeDriver has not been tested with Chrome version 97.
Jan 17, 2022 11:16:42 AM org.openqa.selenium.remote.ProtocolHandshake createSession
INFO: Detected dialect: W3C
]]></system-err>
  </testcase>
</testsuite>